<?xml version="1.0" encoding="UTF-8"?>
<!-- Generated by org.testng.reporters.JUnitReportReporter -->
<testsuite hostname="DESKTOP-GI1KQ89" failures="0" tests="2" name="Academy.EndToEndDemo.HomePage" time="5.345" errors="0" timestamp="17 Jul 2021 14:51:52 GMT" skipped="0">
  <testcase classname="Academy.EndToEndDemo.HomePage" name="basePageNavigation" time="3.177"/>
  <testcase classname="Academy.EndToEndDemo.HomePage" name="basePageNavigation" time="2.168"/>
</testsuite> <!-- Academy.EndToEndDemo.HomePage -->
