<?xml version="1.0" encoding="UTF-8"?>
<!-- Generated by org.testng.reporters.JUnitReportReporter -->
<testsuite hostname="DESKTOP-GI1KQ89" failures="0" tests="1" name="Academy.EndToEndDemo.ValidateTitle" time="0.476" errors="0" timestamp="17 Jul 2021 14:51:52 GMT" skipped="0">
  <testcase classname="Academy.EndToEndDemo.ValidateTitle" name="navigationbarValidation" time="0.476"/>
</testsuite> <!-- Academy.EndToEndDemo.ValidateTitle -->
