<?xml version="1.0" encoding="UTF-8"?>
<!-- Generated by org.testng.reporters.JUnitReportReporter -->
<testsuite skipped="0" hostname="DESKTOP-GI1KQ89" name="Academy.EndToEndDemo.HomePage" tests="2" failures="0" timestamp="19 Jul 2021 04:46:12 GMT" time="5.034" errors="0">
  <testcase name="basePageNavigation" time="2.687" classname="Academy.EndToEndDemo.HomePage"/>
  <testcase name="basePageNavigation" time="2.347" classname="Academy.EndToEndDemo.HomePage"/>
</testsuite> <!-- Academy.EndToEndDemo.HomePage -->
