<?xml version="1.0" encoding="UTF-8"?>
<!-- Generated by org.testng.reporters.JUnitReportReporter -->
<testsuite skipped="0" hostname="DESKTOP-GI1KQ89" name="Academy.EndToEndDemo.ValidateTitle" tests="1" failures="0" timestamp="19 Jul 2021 04:46:12 GMT" time="0.270" errors="0">
  <testcase name="navigationbarValidation" time="0.270" classname="Academy.EndToEndDemo.ValidateTitle"/>
</testsuite> <!-- Academy.EndToEndDemo.ValidateTitle -->
